[INFO] Scanning for projects...
[WARNING] 
[WARNING] Some problems were encountered while building the effective model for com.ctapweb:ctap-feature:jar:1.0.0-SNAPSHOT
[WARNING] 'dependencies.dependency.systemPath' for com.googlecode.mate-tools:anna:jar should not point at files within the project directory, ${basedir}/lib/anna-3.61.jar will be unresolvable by dependent projects @ com.ctapweb:ctap-feature:[unknown-version], /home/nadiushka/ctap/recent-ctap-docker/2/ctap/ctap-feature/pom.xml, line 80, column 25
[WARNING] 
[WARNING] It is highly recommended to fix these problems because they threaten the stability of your build.
[WARNING] 
[WARNING] For this reason, future Maven versions might no longer support building such malformed projects.
[WARNING] 
[INFO]                                                                         
[INFO] ------------------------------------------------------------------------
[INFO] Building Text Feature Extraction Module for CTAP 1.0.0-SNAPSHOT
[INFO] ------------------------------------------------------------------------
[INFO] 
[INFO] --- maven-clean-plugin:2.5:clean (default-clean) @ ctap-feature ---
[INFO] Deleting /home/nadiushka/ctap/recent-ctap-docker/2/ctap/ctap-feature/target
[INFO] 
[INFO] --- maven-resources-plugin:2.6:resources (default-resources) @ ctap-feature ---
[WARNING] Using platform encoding (UTF-8 actually) to copy filtered resources, i.e. build is platform dependent!
[INFO] Copying 599 resources
[INFO] 
[INFO] --- maven-compiler-plugin:3.5.1:compile (default-compile) @ ctap-feature ---
[INFO] Changes detected - recompiling the module!
[WARNING] File encoding has not been set, using platform encoding UTF-8, i.e. build is platform dependent!
[INFO] Compiling 127 source files to /home/nadiushka/ctap/recent-ctap-docker/2/ctap/ctap-feature/target/classes
[INFO] /home/nadiushka/ctap/recent-ctap-docker/2/ctap/ctap-feature/src/main/java/com/ctapweb/feature/annotator/LemmaAnnotator.java: /home/nadiushka/ctap/recent-ctap-docker/2/ctap/ctap-feature/src/main/java/com/ctapweb/feature/annotator/LemmaAnnotator.java uses unchecked or unsafe operations.
[INFO] /home/nadiushka/ctap/recent-ctap-docker/2/ctap/ctap-feature/src/main/java/com/ctapweb/feature/annotator/LemmaAnnotator.java: Recompile with -Xlint:unchecked for details.
[INFO] 
[INFO] --- maven-resources-plugin:2.6:testResources (default-testResources) @ ctap-feature ---
[WARNING] Using platform encoding (UTF-8 actually) to copy filtered resources, i.e. build is platform dependent!
[INFO] skip non existing resourceDirectory /home/nadiushka/ctap/recent-ctap-docker/2/ctap/ctap-feature/src/test/resources
[INFO] 
[INFO] --- maven-compiler-plugin:3.5.1:testCompile (default-testCompile) @ ctap-feature ---
[INFO] Changes detected - recompiling the module!
[WARNING] File encoding has not been set, using platform encoding UTF-8, i.e. build is platform dependent!
[INFO] Compiling 24 source files to /home/nadiushka/ctap/recent-ctap-docker/2/ctap/ctap-feature/target/test-classes
[INFO] /home/nadiushka/ctap/recent-ctap-docker/2/ctap/ctap-feature/src/test/java/com/ctapweb/feature/test/SyntacticComplexityFeatureTest.java: Some input files use unchecked or unsafe operations.
[INFO] /home/nadiushka/ctap/recent-ctap-docker/2/ctap/ctap-feature/src/test/java/com/ctapweb/feature/test/SyntacticComplexityFeatureTest.java: Recompile with -Xlint:unchecked for details.
[INFO] 
[INFO] --- maven-surefire-plugin:2.17:test (default-test) @ ctap-feature ---
[INFO] Surefire report directory: /home/nadiushka/ctap/recent-ctap-docker/2/ctap/ctap-feature/target/surefire-reports

-------------------------------------------------------
 T E S T S
-------------------------------------------------------
Running com.ctapweb.feature.test.SDTokenLengthFeatureTest
11:14:49.525 [main] TRACE com.ctapweb.feature.annotator.SentenceAnnotator - Initializing ANNOTATOR <Sentence Annotator>...
 languageSpecificResourceKey: SentenceSegmenterModelIT
modelFilePath: /home/nadiushka/ctap/recent-ctap-docker/2/ctap/ctap-feature/target/classes/model/it-sent.bin
11:14:49.527 [main] TRACE com.ctapweb.feature.annotator.SentenceAnnotator - Loading language model SentenceSegmenterModelIT from path /home/nadiushka/ctap/recent-ctap-docker/2/ctap/ctap-feature/target/classes/model/it-sent.bin...
 11:14:49.542 [main] TRACE com.ctapweb.feature.annotator.SentenceAnnotator - Initialization completed ANNOTATOR <Sentence Annotator>.
 11:14:49.548 [main] TRACE com.ctapweb.feature.annotator.TokenAnnotator - Initializing ANNOTATOR <Token Annotator>...
 11:14:49.548 [main] TRACE com.ctapweb.feature.annotator.TokenAnnotator - Loading language model TokenModelIT from path /home/nadiushka/ctap/recent-ctap-docker/2/ctap/ctap-feature/target/classes/model/it-token.bin...
 11:14:50.236 [main] TRACE com.ctapweb.feature.annotator.TokenAnnotator - Initialization completed ANNOTATOR <Token Annotator>.
 11:14:50.239 [main] TRACE com.ctapweb.feature.annotator.SyllableAnnotator - Initializing ANNOTATOR <Syllable Annotator>...
 11:14:50.239 [main] TRACE com.ctapweb.feature.annotator.SyllableAnnotator - Selecting annotation resource for Syllable Annotator for language: IT...
 11:14:50.240 [main] TRACE com.ctapweb.feature.annotator.SyllableAnnotator - Initialization completed ANNOTATOR <Syllable Annotator>.
 11:14:50.250 [main] TRACE com.ctapweb.feature.annotator.LetterAnnotator - Initializing ANNOTATOR <Letter Annotator>...
 11:14:50.250 [main] TRACE com.ctapweb.feature.annotator.LetterAnnotator - Initialization completed ANNOTATOR <Letter Annotator>.
 11:14:50.255 [main] TRACE com.ctapweb.feature.featureAE.SDTokenLengthAE - Initializing FEATURE_EXTRACTOR <SDTokenLength Feature Extractor>...
 11:14:50.255 [main] TRACE com.ctapweb.feature.featureAE.SDTokenLengthAE - Initialization completed FEATURE_EXTRACTOR <SDTokenLength Feature Extractor>.
 11:14:50.271 [main] TRACE com.ctapweb.feature.annotator.SentenceAnnotator - Processing document with ANNOTATOR <Sentence Annotator>: LA DONNA che salvò cento cani prega. Le pompe dell...
 11:14:50.277 [main] TRACE com.ctapweb.feature.annotator.TokenAnnotator - Processing document with ANNOTATOR <Token Annotator>: LA DONNA che salvò cento cani prega. Le pompe dell...
 11:14:50.299 [main] TRACE com.ctapweb.feature.annotator.SyllableAnnotator - Processing document with ANNOTATOR <Syllable Annotator>: LA DONNA che salvò cento cani prega. Le pompe dell...
 11:14:50.893 [main] TRACE com.ctapweb.feature.annotator.LetterAnnotator - Processing document with ANNOTATOR <Letter Annotator>: LA DONNA che salvò cento cani prega. Le pompe dell...
 11:14:50.901 [main] TRACE com.ctapweb.feature.featureAE.SDTokenLengthAE - Processing document with FEATURE_EXTRACTOR <SDTokenLength Feature Extractor>: LA DONNA che salvò cento cani prega. Le pompe dell...
 11:14:50.986 [main] INFO  com.ctapweb.feature.featureAE.SDTokenLengthAE - Feature value 1.1677977497340455 calculated from AE 8585 populated into CAS.
 11:14:50.988 [main] TRACE com.ctapweb.feature.annotator.SentenceAnnotator - Destorying AE: ANNOTATOR <Sentence Annotator>...
 11:14:50.989 [main] TRACE com.ctapweb.feature.annotator.SentenceAnnotator - Destroying AE completed: ANNOTATOR <Sentence Annotator>.
 11:14:50.989 [main] TRACE com.ctapweb.feature.annotator.TokenAnnotator - Destorying AE: ANNOTATOR <Token Annotator>...
 11:14:50.989 [main] TRACE com.ctapweb.feature.annotator.TokenAnnotator - Destroying AE completed: ANNOTATOR <Token Annotator>.
 11:14:50.989 [main] TRACE com.ctapweb.feature.annotator.SyllableAnnotator - Destorying AE: ANNOTATOR <Syllable Annotator>...
 11:14:50.989 [main] TRACE com.ctapweb.feature.annotator.SyllableAnnotator - Destroying AE completed: ANNOTATOR <Syllable Annotator>.
 11:14:50.989 [main] TRACE com.ctapweb.feature.annotator.LetterAnnotator - Destorying AE: ANNOTATOR <Letter Annotator>...
 11:14:50.989 [main] TRACE com.ctapweb.feature.annotator.LetterAnnotator - Destroying AE completed: ANNOTATOR <Letter Annotator>.
 11:14:50.989 [main] TRACE com.ctapweb.feature.featureAE.SDTokenLengthAE - Destorying AE: FEATURE_EXTRACTOR <SDTokenLength Feature Extractor>...
 11:14:50.989 [main] TRACE com.ctapweb.feature.featureAE.SDTokenLengthAE - Destroying AE completed: FEATURE_EXTRACTOR <SDTokenLength Feature Extractor>.
 11:14:51.088 [main] TRACE com.ctapweb.feature.annotator.SentenceAnnotator - Initializing ANNOTATOR <Sentence Annotator>...
 languageSpecificResourceKey: SentenceSegmenterModelIT
modelFilePath: /home/nadiushka/ctap/recent-ctap-docker/2/ctap/ctap-feature/target/classes/model/it-sent.bin
11:14:51.088 [main] TRACE com.ctapweb.feature.annotator.SentenceAnnotator - Loading language model SentenceSegmenterModelIT from path /home/nadiushka/ctap/recent-ctap-docker/2/ctap/ctap-feature/target/classes/model/it-sent.bin...
 11:14:51.090 [main] TRACE com.ctapweb.feature.annotator.SentenceAnnotator - Initialization completed ANNOTATOR <Sentence Annotator>.
 11:14:51.092 [main] TRACE com.ctapweb.feature.annotator.TokenAnnotator - Initializing ANNOTATOR <Token Annotator>...
 11:14:51.092 [main] TRACE com.ctapweb.feature.annotator.TokenAnnotator - Loading language model TokenModelIT from path /home/nadiushka/ctap/recent-ctap-docker/2/ctap/ctap-feature/target/classes/model/it-token.bin...
 11:14:51.686 [main] TRACE com.ctapweb.feature.annotator.TokenAnnotator - Initialization completed ANNOTATOR <Token Annotator>.
 11:14:51.689 [main] TRACE com.ctapweb.feature.annotator.SyllableAnnotator - Initializing ANNOTATOR <Syllable Annotator>...
 11:14:51.689 [main] TRACE com.ctapweb.feature.annotator.SyllableAnnotator - Selecting annotation resource for Syllable Annotator for language: IT...
 11:14:51.689 [main] TRACE com.ctapweb.feature.annotator.SyllableAnnotator - Initialization completed ANNOTATOR <Syllable Annotator>.
 11:14:51.690 [main] TRACE com.ctapweb.feature.annotator.LetterAnnotator - Initializing ANNOTATOR <Letter Annotator>...
 11:14:51.690 [main] TRACE com.ctapweb.feature.annotator.LetterAnnotator - Initialization completed ANNOTATOR <Letter Annotator>.
 11:14:51.691 [main] TRACE com.ctapweb.feature.featureAE.SDTokenLengthAE - Initializing FEATURE_EXTRACTOR <SDTokenLength Feature Extractor>...
 11:14:51.691 [main] TRACE com.ctapweb.feature.featureAE.SDTokenLengthAE - Initialization completed FEATURE_EXTRACTOR <SDTokenLength Feature Extractor>.
 11:14:51.697 [main] TRACE com.ctapweb.feature.annotator.SentenceAnnotator - Processing document with ANNOTATOR <Sentence Annotator>: LA DONNA che salvò cento cani prega. Le pompe dell...
 11:14:51.698 [main] TRACE com.ctapweb.feature.annotator.TokenAnnotator - Processing document with ANNOTATOR <Token Annotator>: LA DONNA che salvò cento cani prega. Le pompe dell...
 11:14:51.706 [main] TRACE com.ctapweb.feature.annotator.SyllableAnnotator - Processing document with ANNOTATOR <Syllable Annotator>: LA DONNA che salvò cento cani prega. Le pompe dell...
 11:14:51.839 [main] TRACE com.ctapweb.feature.annotator.LetterAnnotator - Processing document with ANNOTATOR <Letter Annotator>: LA DONNA che salvò cento cani prega. Le pompe dell...
 11:14:51.843 [main] TRACE com.ctapweb.feature.featureAE.SDTokenLengthAE - Processing document with FEATURE_EXTRACTOR <SDTokenLength Feature Extractor>: LA DONNA che salvò cento cani prega. Le pompe dell...
 11:14:51.924 [main] INFO  com.ctapweb.feature.featureAE.SDTokenLengthAE - Feature value 2.973243104638609 calculated from AE 8585 populated into CAS.
 11:14:51.925 [main] TRACE com.ctapweb.feature.annotator.SentenceAnnotator - Destorying AE: ANNOTATOR <Sentence Annotator>...
 11:14:51.925 [main] TRACE com.ctapweb.feature.annotator.SentenceAnnotator - Destroying AE completed: ANNOTATOR <Sentence Annotator>.
 11:14:51.925 [main] TRACE com.ctapweb.feature.annotator.TokenAnnotator - Destorying AE: ANNOTATOR <Token Annotator>...
 11:14:51.925 [main] TRACE com.ctapweb.feature.annotator.TokenAnnotator - Destroying AE completed: ANNOTATOR <Token Annotator>.
 11:14:51.925 [main] TRACE com.ctapweb.feature.annotator.SyllableAnnotator - Destorying AE: ANNOTATOR <Syllable Annotator>...
 11:14:51.925 [main] TRACE com.ctapweb.feature.annotator.SyllableAnnotator - Destroying AE completed: ANNOTATOR <Syllable Annotator>.
 11:14:51.925 [main] TRACE com.ctapweb.feature.annotator.LetterAnnotator - Destorying AE: ANNOTATOR <Letter Annotator>...
 11:14:51.925 [main] TRACE com.ctapweb.feature.annotator.LetterAnnotator - Destroying AE completed: ANNOTATOR <Letter Annotator>.
 11:14:51.925 [main] TRACE com.ctapweb.feature.featureAE.SDTokenLengthAE - Destorying AE: FEATURE_EXTRACTOR <SDTokenLength Feature Extractor>...
 11:14:51.925 [main] TRACE com.ctapweb.feature.featureAE.SDTokenLengthAE - Destroying AE completed: FEATURE_EXTRACTOR <SDTokenLength Feature Extractor>.
 Tests run: 2, Failures: 0, Errors: 0, Skipped: 0, Time elapsed: 3.365 sec - in com.ctapweb.feature.test.SDTokenLengthFeatureTest
Running com.ctapweb.feature.test.TTRFeatureTest
in readXMLAnnotatorDescriptorAddLanguageAddUnitAddaeID
in readXMLAnnotatorDescriptorAddLanguageAddUnitAddaeID
11:14:52.048 [main] TRACE com.ctapweb.feature.annotator.SentenceAnnotator - Initializing ANNOTATOR <Sentence Annotator>...
 languageSpecificResourceKey: SentenceSegmenterModelIT
modelFilePath: /home/nadiushka/ctap/recent-ctap-docker/2/ctap/ctap-feature/target/classes/model/it-sent.bin
11:14:52.048 [main] TRACE com.ctapweb.feature.annotator.SentenceAnnotator - Loading language model SentenceSegmenterModelIT from path /home/nadiushka/ctap/recent-ctap-docker/2/ctap/ctap-feature/target/classes/model/it-sent.bin...
 11:14:52.050 [main] TRACE com.ctapweb.feature.annotator.SentenceAnnotator - Initialization completed ANNOTATOR <Sentence Annotator>.
 11:14:52.051 [main] TRACE com.ctapweb.feature.annotator.TokenAnnotator - Initializing ANNOTATOR <Token Annotator>...
 11:14:52.051 [main] TRACE com.ctapweb.feature.annotator.TokenAnnotator - Loading language model TokenModelIT from path /home/nadiushka/ctap/recent-ctap-docker/2/ctap/ctap-feature/target/classes/model/it-token.bin...
 11:14:52.768 [main] TRACE com.ctapweb.feature.annotator.TokenAnnotator - Initialization completed ANNOTATOR <Token Annotator>.
 11:14:52.769 [main] TRACE com.ctapweb.feature.annotator.TokenTypeAnnotator - Initializing ANNOTATOR <Token Type Annotator>...
 11:14:52.769 [main] TRACE com.ctapweb.feature.annotator.TokenTypeAnnotator - Initialization completed ANNOTATOR <Token Type Annotator>.
 11:14:52.771 [main] TRACE com.ctapweb.feature.featureAE.NTokenAE - Initializing FEATURE_EXTRACTOR <NToken Feature Extractor>...
 11:14:52.771 [main] TRACE com.ctapweb.feature.featureAE.NTokenAE - Initialization completed FEATURE_EXTRACTOR <NToken Feature Extractor>.
 11:14:52.773 [main] TRACE com.ctapweb.feature.featureAE.NTokenTypeAE - Initializing FEATURE_EXTRACTOR <NTokenType Feature Extractor>...
 11:14:52.773 [main] TRACE com.ctapweb.feature.featureAE.NTokenTypeAE - Initialization completed FEATURE_EXTRACTOR <NTokenType Feature Extractor>.
 11:14:52.775 [main] TRACE com.ctapweb.feature.featureAE.TypeTokenRatioAE - Initializing FEATURE_EXTRACTOR <Type Token Ratio Feature Extractor>...
 11:14:52.775 [main] TRACE com.ctapweb.feature.featureAE.TypeTokenRatioAE - Initialization completed FEATURE_EXTRACTOR <Type Token Ratio Feature Extractor>.
 11:14:52.782 [main] TRACE com.ctapweb.feature.annotator.SentenceAnnotator - Processing document with ANNOTATOR <Sentence Annotator>: LA DONNA che salvò cento cani prega. Le pompe dell...
 11:14:52.784 [main] TRACE com.ctapweb.feature.annotator.TokenAnnotator - Processing document with ANNOTATOR <Token Annotator>: LA DONNA che salvò cento cani prega. Le pompe dell...
 11:14:52.790 [main] TRACE com.ctapweb.feature.annotator.TokenTypeAnnotator - Processing document with ANNOTATOR <Token Type Annotator>: LA DONNA che salvò cento cani prega. Le pompe dell...
 11:14:52.801 [main] TRACE com.ctapweb.feature.featureAE.NTokenAE - Processing document with FEATURE_EXTRACTOR <NToken Feature Extractor>: LA DONNA che salvò cento cani prega. Le pompe dell...
 11:14:52.802 [main] INFO  com.ctapweb.feature.featureAE.NTokenAE - Feature value 264.0 calculated from AE 123 populated into CAS.
 11:14:52.802 [main] TRACE com.ctapweb.feature.featureAE.NTokenTypeAE - Processing document with FEATURE_EXTRACTOR <NTokenType Feature Extractor>: LA DONNA che salvò cento cani prega. Le pompe dell...
 11:14:52.804 [main] INFO  com.ctapweb.feature.featureAE.NTokenTypeAE - Feature value 181.0 calculated from AE 123 populated into CAS.
 11:14:52.804 [main] TRACE com.ctapweb.feature.featureAE.TypeTokenRatioAE - Processing document with FEATURE_EXTRACTOR <Type Token Ratio Feature Extractor>: LA DONNA che salvò cento cani prega. Le pompe dell...
 11:14:52.804 [main] TRACE com.ctapweb.feature.featureAE.TypeTokenRatioAE - nType = 181.0, nToken = 264.0 
 11:14:52.805 [main] TRACE com.ctapweb.feature.featureAE.TypeTokenRatioAE - TTR calculated with formula (CTTR): 7.877013931995327 
 11:14:52.805 [main] INFO  com.ctapweb.feature.featureAE.TypeTokenRatioAE - Feature value 7.877013931995327 calculated from AE 3456 populated into CAS.
 11:14:52.805 [main] TRACE com.ctapweb.feature.annotator.SentenceAnnotator - Destorying AE: ANNOTATOR <Sentence Annotator>...
 11:14:52.805 [main] TRACE com.ctapweb.feature.annotator.SentenceAnnotator - Destroying AE completed: ANNOTATOR <Sentence Annotator>.
 11:14:52.805 [main] TRACE com.ctapweb.feature.annotator.TokenAnnotator - Destorying AE: ANNOTATOR <Token Annotator>...
 11:14:52.805 [main] TRACE com.ctapweb.feature.annotator.TokenAnnotator - Destroying AE completed: ANNOTATOR <Token Annotator>.
 11:14:52.806 [main] TRACE com.ctapweb.feature.annotator.TokenTypeAnnotator - Destorying AE: ANNOTATOR <Token Type Annotator>...
 11:14:52.806 [main] TRACE com.ctapweb.feature.annotator.TokenTypeAnnotator - Destroying AE completed: ANNOTATOR <Token Type Annotator>.
 11:14:52.806 [main] TRACE com.ctapweb.feature.featureAE.NTokenAE - Destorying AE: FEATURE_EXTRACTOR <NToken Feature Extractor>...
 11:14:52.806 [main] TRACE com.ctapweb.feature.featureAE.NTokenAE - Destroying AE completed: FEATURE_EXTRACTOR <NToken Feature Extractor>.
 11:14:52.806 [main] TRACE com.ctapweb.feature.featureAE.NTokenTypeAE - Destorying AE: FEATURE_EXTRACTOR <NTokenType Feature Extractor>...
 11:14:52.806 [main] TRACE com.ctapweb.feature.featureAE.NTokenTypeAE - Destroying AE completed: FEATURE_EXTRACTOR <NTokenType Feature Extractor>.
 11:14:52.806 [main] TRACE com.ctapweb.feature.featureAE.TypeTokenRatioAE - Destorying AE: FEATURE_EXTRACTOR <Type Token Ratio Feature Extractor>...
 11:14:52.806 [main] TRACE com.ctapweb.feature.featureAE.TypeTokenRatioAE - Destroying AE completed: FEATURE_EXTRACTOR <Type Token Ratio Feature Extractor>.
 in readXMLAnnotatorDescriptorAddLanguageAddUnitAddaeID
in readXMLAnnotatorDescriptorAddLanguageAddUnitAddaeID
11:14:52.898 [main] TRACE com.ctapweb.feature.annotator.SentenceAnnotator - Initializing ANNOTATOR <Sentence Annotator>...
 languageSpecificResourceKey: SentenceSegmenterModelIT
modelFilePath: /home/nadiushka/ctap/recent-ctap-docker/2/ctap/ctap-feature/target/classes/model/it-sent.bin
11:14:52.898 [main] TRACE com.ctapweb.feature.annotator.SentenceAnnotator - Loading language model SentenceSegmenterModelIT from path /home/nadiushka/ctap/recent-ctap-docker/2/ctap/ctap-feature/target/classes/model/it-sent.bin...
 11:14:52.899 [main] TRACE com.ctapweb.feature.annotator.SentenceAnnotator - Initialization completed ANNOTATOR <Sentence Annotator>.
 11:14:52.901 [main] TRACE com.ctapweb.feature.annotator.TokenAnnotator - Initializing ANNOTATOR <Token Annotator>...
 11:14:52.901 [main] TRACE com.ctapweb.feature.annotator.TokenAnnotator - Loading language model TokenModelIT from path /home/nadiushka/ctap/recent-ctap-docker/2/ctap/ctap-feature/target/classes/model/it-token.bin...
 11:14:54.398 [main] TRACE com.ctapweb.feature.annotator.TokenAnnotator - Initialization completed ANNOTATOR <Token Annotator>.
 11:14:54.399 [main] TRACE com.ctapweb.feature.annotator.TokenTypeAnnotator - Initializing ANNOTATOR <Token Type Annotator>...
 11:14:54.399 [main] TRACE com.ctapweb.feature.annotator.TokenTypeAnnotator - Initialization completed ANNOTATOR <Token Type Annotator>.
 11:14:54.400 [main] TRACE com.ctapweb.feature.featureAE.NTokenAE - Initializing FEATURE_EXTRACTOR <NToken Feature Extractor>...
 11:14:54.400 [main] TRACE com.ctapweb.feature.featureAE.NTokenAE - Initialization completed FEATURE_EXTRACTOR <NToken Feature Extractor>.
 11:14:54.401 [main] TRACE com.ctapweb.feature.featureAE.NTokenTypeAE - Initializing FEATURE_EXTRACTOR <NTokenType Feature Extractor>...
 11:14:54.401 [main] TRACE com.ctapweb.feature.featureAE.NTokenTypeAE - Initialization completed FEATURE_EXTRACTOR <NTokenType Feature Extractor>.
 11:14:54.403 [main] TRACE com.ctapweb.feature.featureAE.TypeTokenRatioAE - Initializing FEATURE_EXTRACTOR <Type Token Ratio Feature Extractor>...
 11:14:54.403 [main] TRACE com.ctapweb.feature.featureAE.TypeTokenRatioAE - Initialization completed FEATURE_EXTRACTOR <Type Token Ratio Feature Extractor>.
 11:14:54.410 [main] TRACE com.ctapweb.feature.annotator.SentenceAnnotator - Processing document with ANNOTATOR <Sentence Annotator>: LA DONNA che salvò cento cani prega. Le pompe dell...
 11:14:54.411 [main] TRACE com.ctapweb.feature.annotator.TokenAnnotator - Processing document with ANNOTATOR <Token Annotator>: LA DONNA che salvò cento cani prega. Le pompe dell...
 11:14:54.418 [main] TRACE com.ctapweb.feature.annotator.TokenTypeAnnotator - Processing document with ANNOTATOR <Token Type Annotator>: LA DONNA che salvò cento cani prega. Le pompe dell...
 11:14:54.421 [main] TRACE com.ctapweb.feature.featureAE.NTokenAE - Processing document with FEATURE_EXTRACTOR <NToken Feature Extractor>: LA DONNA che salvò cento cani prega. Le pompe dell...
 11:14:54.422 [main] INFO  com.ctapweb.feature.featureAE.NTokenAE - Feature value 264.0 calculated from AE 123 populated into CAS.
 11:14:54.422 [main] TRACE com.ctapweb.feature.featureAE.NTokenTypeAE - Processing document with FEATURE_EXTRACTOR <NTokenType Feature Extractor>: LA DONNA che salvò cento cani prega. Le pompe dell...
 11:14:54.423 [main] INFO  com.ctapweb.feature.featureAE.NTokenTypeAE - Feature value 181.0 calculated from AE 123 populated into CAS.
 11:14:54.423 [main] TRACE com.ctapweb.feature.featureAE.TypeTokenRatioAE - Processing document with FEATURE_EXTRACTOR <Type Token Ratio Feature Extractor>: LA DONNA che salvò cento cani prega. Le pompe dell...
 11:14:54.423 [main] TRACE com.ctapweb.feature.featureAE.TypeTokenRatioAE - nType = 181.0, nToken = 264.0 
 11:14:54.424 [main] TRACE com.ctapweb.feature.featureAE.TypeTokenRatioAE - TTR calculated with formula (RTTR): 11.139779933629612 
 11:14:54.424 [main] INFO  com.ctapweb.feature.featureAE.TypeTokenRatioAE - Feature value 11.139779933629612 calculated from AE 3456 populated into CAS.
 11:14:54.424 [main] TRACE com.ctapweb.feature.annotator.SentenceAnnotator - Destorying AE: ANNOTATOR <Sentence Annotator>...
 11:14:54.424 [main] TRACE com.ctapweb.feature.annotator.SentenceAnnotator - Destroying AE completed: ANNOTATOR <Sentence Annotator>.
 11:14:54.424 [main] TRACE com.ctapweb.feature.annotator.TokenAnnotator - Destorying AE: ANNOTATOR <Token Annotator>...
 11:14:54.424 [main] TRACE com.ctapweb.feature.annotator.TokenAnnotator - Destroying AE completed: ANNOTATOR <Token Annotator>.
 11:14:54.424 [main] TRACE com.ctapweb.feature.annotator.TokenTypeAnnotator - Destorying AE: ANNOTATOR <Token Type Annotator>...
 11:14:54.424 [main] TRACE com.ctapweb.feature.annotator.TokenTypeAnnotator - Destroying AE completed: ANNOTATOR <Token Type Annotator>.
 11:14:54.425 [main] TRACE com.ctapweb.feature.featureAE.NTokenAE - Destorying AE: FEATURE_EXTRACTOR <NToken Feature Extractor>...
 11:14:54.425 [main] TRACE com.ctapweb.feature.featureAE.NTokenAE - Destroying AE completed: FEATURE_EXTRACTOR <NToken Feature Extractor>.
 11:14:54.425 [main] TRACE com.ctapweb.feature.featureAE.NTokenTypeAE - Destorying AE: FEATURE_EXTRACTOR <NTokenType Feature Extractor>...
 11:14:54.425 [main] TRACE com.ctapweb.feature.featureAE.NTokenTypeAE - Destroying AE completed: FEATURE_EXTRACTOR <NTokenType Feature Extractor>.
 11:14:54.425 [main] TRACE com.ctapweb.feature.featureAE.TypeTokenRatioAE - Destorying AE: FEATURE_EXTRACTOR <Type Token Ratio Feature Extractor>...
 11:14:54.425 [main] TRACE com.ctapweb.feature.featureAE.TypeTokenRatioAE - Destroying AE completed: FEATURE_EXTRACTOR <Type Token Ratio Feature Extractor>.
 in readXMLAnnotatorDescriptorAddLanguageAddUnitAddaeID
in readXMLAnnotatorDescriptorAddLanguageAddUnitAddaeID
11:14:54.588 [main] TRACE com.ctapweb.feature.annotator.SentenceAnnotator - Initializing ANNOTATOR <Sentence Annotator>...
 languageSpecificResourceKey: SentenceSegmenterModelIT
modelFilePath: /home/nadiushka/ctap/recent-ctap-docker/2/ctap/ctap-feature/target/classes/model/it-sent.bin
11:14:54.588 [main] TRACE com.ctapweb.feature.annotator.SentenceAnnotator - Loading language model SentenceSegmenterModelIT from path /home/nadiushka/ctap/recent-ctap-docker/2/ctap/ctap-feature/target/classes/model/it-sent.bin...
 11:14:54.590 [main] TRACE com.ctapweb.feature.annotator.SentenceAnnotator - Initialization completed ANNOTATOR <Sentence Annotator>.
 11:14:54.591 [main] TRACE com.ctapweb.feature.annotator.TokenAnnotator - Initializing ANNOTATOR <Token Annotator>...
 11:14:54.591 [main] TRACE com.ctapweb.feature.annotator.TokenAnnotator - Loading language model TokenModelIT from path /home/nadiushka/ctap/recent-ctap-docker/2/ctap/ctap-feature/target/classes/model/it-token.bin...
 11:14:55.149 [main] TRACE com.ctapweb.feature.annotator.TokenAnnotator - Initialization completed ANNOTATOR <Token Annotator>.
 11:14:55.150 [main] TRACE com.ctapweb.feature.annotator.TokenTypeAnnotator - Initializing ANNOTATOR <Token Type Annotator>...
 11:14:55.150 [main] TRACE com.ctapweb.feature.annotator.TokenTypeAnnotator - Initialization completed ANNOTATOR <Token Type Annotator>.
 11:14:55.151 [main] TRACE com.ctapweb.feature.featureAE.NTokenAE - Initializing FEATURE_EXTRACTOR <NToken Feature Extractor>...
 11:14:55.151 [main] TRACE com.ctapweb.feature.featureAE.NTokenAE - Initialization completed FEATURE_EXTRACTOR <NToken Feature Extractor>.
 11:14:55.151 [main] TRACE com.ctapweb.feature.featureAE.NTokenTypeAE - Initializing FEATURE_EXTRACTOR <NTokenType Feature Extractor>...
 11:14:55.151 [main] TRACE com.ctapweb.feature.featureAE.NTokenTypeAE - Initialization completed FEATURE_EXTRACTOR <NTokenType Feature Extractor>.
 11:14:55.152 [main] TRACE com.ctapweb.feature.featureAE.TypeTokenRatioAE - Initializing FEATURE_EXTRACTOR <Type Token Ratio Feature Extractor>...
 11:14:55.152 [main] TRACE com.ctapweb.feature.featureAE.TypeTokenRatioAE - Initialization completed FEATURE_EXTRACTOR <Type Token Ratio Feature Extractor>.
 11:14:55.158 [main] TRACE com.ctapweb.feature.annotator.SentenceAnnotator - Processing document with ANNOTATOR <Sentence Annotator>: LA DONNA che salvò cento cani prega. Le pompe dell...
 11:14:55.159 [main] TRACE com.ctapweb.feature.annotator.TokenAnnotator - Processing document with ANNOTATOR <Token Annotator>: LA DONNA che salvò cento cani prega. Le pompe dell...
 11:14:55.165 [main] TRACE com.ctapweb.feature.annotator.TokenTypeAnnotator - Processing document with ANNOTATOR <Token Type Annotator>: LA DONNA che salvò cento cani prega. Le pompe dell...
 11:14:55.167 [main] TRACE com.ctapweb.feature.featureAE.NTokenAE - Processing document with FEATURE_EXTRACTOR <NToken Feature Extractor>: LA DONNA che salvò cento cani prega. Le pompe dell...
 11:14:55.168 [main] INFO  com.ctapweb.feature.featureAE.NTokenAE - Feature value 264.0 calculated from AE 123 populated into CAS.
 11:14:55.168 [main] TRACE com.ctapweb.feature.featureAE.NTokenTypeAE - Processing document with FEATURE_EXTRACTOR <NTokenType Feature Extractor>: LA DONNA che salvò cento cani prega. Le pompe dell...
 11:14:55.169 [main] INFO  com.ctapweb.feature.featureAE.NTokenTypeAE - Feature value 181.0 calculated from AE 123 populated into CAS.
 11:14:55.169 [main] TRACE com.ctapweb.feature.featureAE.TypeTokenRatioAE - Processing document with FEATURE_EXTRACTOR <Type Token Ratio Feature Extractor>: LA DONNA che salvò cento cani prega. Le pompe dell...
 11:14:55.170 [main] TRACE com.ctapweb.feature.featureAE.TypeTokenRatioAE - nType = 181.0, nToken = 264.0 
 11:14:55.288 [main] TRACE com.ctapweb.feature.featureAE.TypeTokenRatioAE - TTR calculated with formula (LogTTR): 0.932307116708166 
 11:14:55.288 [main] INFO  com.ctapweb.feature.featureAE.TypeTokenRatioAE - Feature value 0.932307116708166 calculated from AE 3456 populated into CAS.
 11:14:55.288 [main] TRACE com.ctapweb.feature.annotator.SentenceAnnotator - Destorying AE: ANNOTATOR <Sentence Annotator>...
 11:14:55.289 [main] TRACE com.ctapweb.feature.annotator.SentenceAnnotator - Destroying AE completed: ANNOTATOR <Sentence Annotator>.
 11:14:55.289 [main] TRACE com.ctapweb.feature.annotator.TokenAnnotator - Destorying AE: ANNOTATOR <Token Annotator>...
 11:14:55.289 [main] TRACE com.ctapweb.feature.annotator.TokenAnnotator - Destroying AE completed: ANNOTATOR <Token Annotator>.
 11:14:55.289 [main] TRACE com.ctapweb.feature.annotator.TokenTypeAnnotator - Destorying AE: ANNOTATOR <Token Type Annotator>...
 11:14:55.289 [main] TRACE com.ctapweb.feature.annotator.TokenTypeAnnotator - Destroying AE completed: ANNOTATOR <Token Type Annotator>.
 11:14:55.289 [main] TRACE com.ctapweb.feature.featureAE.NTokenAE - Destorying AE: FEATURE_EXTRACTOR <NToken Feature Extractor>...
 11:14:55.289 [main] TRACE com.ctapweb.feature.featureAE.NTokenAE - Destroying AE completed: FEATURE_EXTRACTOR <NToken Feature Extractor>.
 11:14:55.289 [main] TRACE com.ctapweb.feature.featureAE.NTokenTypeAE - Destorying AE: FEATURE_EXTRACTOR <NTokenType Feature Extractor>...
 11:14:55.289 [main] TRACE com.ctapweb.feature.featureAE.NTokenTypeAE - Destroying AE completed: FEATURE_EXTRACTOR <NTokenType Feature Extractor>.
 11:14:55.289 [main] TRACE com.ctapweb.feature.featureAE.TypeTokenRatioAE - Destorying AE: FEATURE_EXTRACTOR <Type Token Ratio Feature Extractor>...
 11:14:55.289 [main] TRACE com.ctapweb.feature.featureAE.TypeTokenRatioAE - Destroying AE completed: FEATURE_EXTRACTOR <Type Token Ratio Feature Extractor>.
 in readXMLAnnotatorDescriptorAddLanguageAddUnitAddaeID
in readXMLAnnotatorDescriptorAddLanguageAddUnitAddaeID
11:14:55.376 [main] TRACE com.ctapweb.feature.annotator.SentenceAnnotator - Initializing ANNOTATOR <Sentence Annotator>...
 languageSpecificResourceKey: SentenceSegmenterModelIT
modelFilePath: /home/nadiushka/ctap/recent-ctap-docker/2/ctap/ctap-feature/target/classes/model/it-sent.bin
11:14:55.377 [main] TRACE com.ctapweb.feature.annotator.SentenceAnnotator - Loading language model SentenceSegmenterModelIT from path /home/nadiushka/ctap/recent-ctap-docker/2/ctap/ctap-feature/target/classes/model/it-sent.bin...
 11:14:55.378 [main] TRACE com.ctapweb.feature.annotator.SentenceAnnotator - Initialization completed ANNOTATOR <Sentence Annotator>.
 11:14:55.380 [main] TRACE com.ctapweb.feature.annotator.TokenAnnotator - Initializing ANNOTATOR <Token Annotator>...
 11:14:55.380 [main] TRACE com.ctapweb.feature.annotator.TokenAnnotator - Loading language model TokenModelIT from path /home/nadiushka/ctap/recent-ctap-docker/2/ctap/ctap-feature/target/classes/model/it-token.bin...
 11:14:56.177 [main] TRACE com.ctapweb.feature.annotator.TokenAnnotator - Initialization completed ANNOTATOR <Token Annotator>.
 11:14:56.178 [main] TRACE com.ctapweb.feature.annotator.TokenTypeAnnotator - Initializing ANNOTATOR <Token Type Annotator>...
 11:14:56.178 [main] TRACE com.ctapweb.feature.annotator.TokenTypeAnnotator - Initialization completed ANNOTATOR <Token Type Annotator>.
 11:14:56.179 [main] TRACE com.ctapweb.feature.featureAE.NTokenAE - Initializing FEATURE_EXTRACTOR <NToken Feature Extractor>...
 11:14:56.179 [main] TRACE com.ctapweb.feature.featureAE.NTokenAE - Initialization completed FEATURE_EXTRACTOR <NToken Feature Extractor>.
 11:14:56.180 [main] TRACE com.ctapweb.feature.featureAE.NTokenTypeAE - Initializing FEATURE_EXTRACTOR <NTokenType Feature Extractor>...
 11:14:56.180 [main] TRACE com.ctapweb.feature.featureAE.NTokenTypeAE - Initialization completed FEATURE_EXTRACTOR <NTokenType Feature Extractor>.
 11:14:56.180 [main] TRACE com.ctapweb.feature.featureAE.TypeTokenRatioAE - Initializing FEATURE_EXTRACTOR <Type Token Ratio Feature Extractor>...
 11:14:56.181 [main] TRACE com.ctapweb.feature.featureAE.TypeTokenRatioAE - Initialization completed FEATURE_EXTRACTOR <Type Token Ratio Feature Extractor>.
 11:14:56.186 [main] TRACE com.ctapweb.feature.annotator.SentenceAnnotator - Processing document with ANNOTATOR <Sentence Annotator>: LA DONNA che salvò cento cani prega. Le pompe dell...
 11:14:56.187 [main] TRACE com.ctapweb.feature.annotator.TokenAnnotator - Processing document with ANNOTATOR <Token Annotator>: LA DONNA che salvò cento cani prega. Le pompe dell...
 11:14:56.190 [main] TRACE com.ctapweb.feature.annotator.TokenTypeAnnotator - Processing document with ANNOTATOR <Token Type Annotator>: LA DONNA che salvò cento cani prega. Le pompe dell...
 11:14:56.192 [main] TRACE com.ctapweb.feature.featureAE.NTokenAE - Processing document with FEATURE_EXTRACTOR <NToken Feature Extractor>: LA DONNA che salvò cento cani prega. Le pompe dell...
 11:14:56.192 [main] INFO  com.ctapweb.feature.featureAE.NTokenAE - Feature value 264.0 calculated from AE 123 populated into CAS.
 11:14:56.193 [main] TRACE com.ctapweb.feature.featureAE.NTokenTypeAE - Processing document with FEATURE_EXTRACTOR <NTokenType Feature Extractor>: LA DONNA che salvò cento cani prega. Le pompe dell...
 11:14:56.193 [main] INFO  com.ctapweb.feature.featureAE.NTokenTypeAE - Feature value 181.0 calculated from AE 123 populated into CAS.
 11:14:56.193 [main] TRACE com.ctapweb.feature.featureAE.TypeTokenRatioAE - Processing document with FEATURE_EXTRACTOR <Type Token Ratio Feature Extractor>: LA DONNA che salvò cento cani prega. Le pompe dell...
 11:14:56.194 [main] TRACE com.ctapweb.feature.featureAE.TypeTokenRatioAE - nType = 181.0, nToken = 264.0 
 11:14:56.194 [main] TRACE com.ctapweb.feature.featureAE.TypeTokenRatioAE - TTR calculated with formula (TTR): 0.6856060606060606 
 11:14:56.194 [main] INFO  com.ctapweb.feature.featureAE.TypeTokenRatioAE - Feature value 0.6856060606060606 calculated from AE 3456 populated into CAS.
 11:14:56.194 [main] TRACE com.ctapweb.feature.annotator.SentenceAnnotator - Destorying AE: ANNOTATOR <Sentence Annotator>...
 11:14:56.194 [main] TRACE com.ctapweb.feature.annotator.SentenceAnnotator - Destroying AE completed: ANNOTATOR <Sentence Annotator>.
 11:14:56.195 [main] TRACE com.ctapweb.feature.annotator.TokenAnnotator - Destorying AE: ANNOTATOR <Token Annotator>...
 11:14:56.195 [main] TRACE com.ctapweb.feature.annotator.TokenAnnotator - Destroying AE completed: ANNOTATOR <Token Annotator>.
 11:14:56.195 [main] TRACE com.ctapweb.feature.annotator.TokenTypeAnnotator - Destorying AE: ANNOTATOR <Token Type Annotator>...
 11:14:56.195 [main] TRACE com.ctapweb.feature.annotator.TokenTypeAnnotator - Destroying AE completed: ANNOTATOR <Token Type Annotator>.
 11:14:56.195 [main] TRACE com.ctapweb.feature.featureAE.NTokenAE - Destorying AE: FEATURE_EXTRACTOR <NToken Feature Extractor>...
 11:14:56.195 [main] TRACE com.ctapweb.feature.featureAE.NTokenAE - Destroying AE completed: FEATURE_EXTRACTOR <NToken Feature Extractor>.
 11:14:56.195 [main] TRACE com.ctapweb.feature.featureAE.NTokenTypeAE - Destorying AE: FEATURE_EXTRACTOR <NTokenType Feature Extractor>...
 11:14:56.195 [main] TRACE com.ctapweb.feature.featureAE.NTokenTypeAE - Destroying AE completed: FEATURE_EXTRACTOR <NTokenType Feature Extractor>.
 11:14:56.195 [main] TRACE com.ctapweb.feature.featureAE.TypeTokenRatioAE - Destorying AE: FEATURE_EXTRACTOR <Type Token Ratio Feature Extractor>...
 11:14:56.195 [main] TRACE com.ctapweb.feature.featureAE.TypeTokenRatioAE - Destroying AE completed: FEATURE_EXTRACTOR <Type Token Ratio Feature Extractor>.
 in readXMLAnnotatorDescriptorAddLanguageAddUnitAddaeID
in readXMLAnnotatorDescriptorAddLanguageAddUnitAddaeID
11:14:56.265 [main] TRACE com.ctapweb.feature.annotator.SentenceAnnotator - Initializing ANNOTATOR <Sentence Annotator>...
 languageSpecificResourceKey: SentenceSegmenterModelIT
modelFilePath: /home/nadiushka/ctap/recent-ctap-docker/2/ctap/ctap-feature/target/classes/model/it-sent.bin
11:14:56.266 [main] TRACE com.ctapweb.feature.annotator.SentenceAnnotator - Loading language model SentenceSegmenterModelIT from path /home/nadiushka/ctap/recent-ctap-docker/2/ctap/ctap-feature/target/classes/model/it-sent.bin...
 11:14:56.267 [main] TRACE com.ctapweb.feature.annotator.SentenceAnnotator - Initialization completed ANNOTATOR <Sentence Annotator>.
 11:14:56.268 [main] TRACE com.ctapweb.feature.annotator.TokenAnnotator - Initializing ANNOTATOR <Token Annotator>...
 11:14:56.268 [main] TRACE com.ctapweb.feature.annotator.TokenAnnotator - Loading language model TokenModelIT from path /home/nadiushka/ctap/recent-ctap-docker/2/ctap/ctap-feature/target/classes/model/it-token.bin...
 11:14:58.061 [main] TRACE com.ctapweb.feature.annotator.TokenAnnotator - Initialization completed ANNOTATOR <Token Annotator>.
 11:14:58.062 [main] TRACE com.ctapweb.feature.annotator.TokenTypeAnnotator - Initializing ANNOTATOR <Token Type Annotator>...
 11:14:58.062 [main] TRACE com.ctapweb.feature.annotator.TokenTypeAnnotator - Initialization completed ANNOTATOR <Token Type Annotator>.
 11:14:58.063 [main] TRACE com.ctapweb.feature.featureAE.NTokenAE - Initializing FEATURE_EXTRACTOR <NToken Feature Extractor>...
 11:14:58.063 [main] TRACE com.ctapweb.feature.featureAE.NTokenAE - Initialization completed FEATURE_EXTRACTOR <NToken Feature Extractor>.
 11:14:58.063 [main] TRACE com.ctapweb.feature.featureAE.NTokenTypeAE - Initializing FEATURE_EXTRACTOR <NTokenType Feature Extractor>...
 11:14:58.064 [main] TRACE com.ctapweb.feature.featureAE.NTokenTypeAE - Initialization completed FEATURE_EXTRACTOR <NTokenType Feature Extractor>.
 11:14:58.064 [main] TRACE com.ctapweb.feature.featureAE.TypeTokenRatioAE - Initializing FEATURE_EXTRACTOR <Type Token Ratio Feature Extractor>...
 11:14:58.064 [main] TRACE com.ctapweb.feature.featureAE.TypeTokenRatioAE - Initialization completed FEATURE_EXTRACTOR <Type Token Ratio Feature Extractor>.
 11:14:58.069 [main] TRACE com.ctapweb.feature.annotator.SentenceAnnotator - Processing document with ANNOTATOR <Sentence Annotator>: LA DONNA che salvò cento cani prega. Le pompe dell...
 11:14:58.070 [main] TRACE com.ctapweb.feature.annotator.TokenAnnotator - Processing document with ANNOTATOR <Token Annotator>: LA DONNA che salvò cento cani prega. Le pompe dell...
 11:14:58.074 [main] TRACE com.ctapweb.feature.annotator.TokenTypeAnnotator - Processing document with ANNOTATOR <Token Type Annotator>: LA DONNA che salvò cento cani prega. Le pompe dell...
 11:14:58.075 [main] TRACE com.ctapweb.feature.featureAE.NTokenAE - Processing document with FEATURE_EXTRACTOR <NToken Feature Extractor>: LA DONNA che salvò cento cani prega. Le pompe dell...
 11:14:58.076 [main] INFO  com.ctapweb.feature.featureAE.NTokenAE - Feature value 264.0 calculated from AE 123 populated into CAS.
 11:14:58.076 [main] TRACE com.ctapweb.feature.featureAE.NTokenTypeAE - Processing document with FEATURE_EXTRACTOR <NTokenType Feature Extractor>: LA DONNA che salvò cento cani prega. Le pompe dell...
 11:14:58.076 [main] INFO  com.ctapweb.feature.featureAE.NTokenTypeAE - Feature value 181.0 calculated from AE 123 populated into CAS.
 11:14:58.077 [main] TRACE com.ctapweb.feature.featureAE.TypeTokenRatioAE - Processing document with FEATURE_EXTRACTOR <Type Token Ratio Feature Extractor>: LA DONNA che salvò cento cani prega. Le pompe dell...
 11:14:58.077 [main] TRACE com.ctapweb.feature.featureAE.TypeTokenRatioAE - nType = 181.0, nToken = 264.0 
 11:14:58.077 [main] TRACE com.ctapweb.feature.featureAE.TypeTokenRatioAE - TTR calculated with formula (Uber): 71.59682883562529 
 11:14:58.077 [main] INFO  com.ctapweb.feature.featureAE.TypeTokenRatioAE - Feature value 71.59682883562529 calculated from AE 3456 populated into CAS.
 11:14:58.078 [main] TRACE com.ctapweb.feature.annotator.SentenceAnnotator - Destorying AE: ANNOTATOR <Sentence Annotator>...
 11:14:58.078 [main] TRACE com.ctapweb.feature.annotator.SentenceAnnotator - Destroying AE completed: ANNOTATOR <Sentence Annotator>.
 11:14:58.078 [main] TRACE com.ctapweb.feature.annotator.TokenAnnotator - Destorying AE: ANNOTATOR <Token Annotator>...
 11:14:58.078 [main] TRACE com.ctapweb.feature.annotator.TokenAnnotator - Destroying AE completed: ANNOTATOR <Token Annotator>.
 11:14:58.078 [main] TRACE com.ctapweb.feature.annotator.TokenTypeAnnotator - Destorying AE: ANNOTATOR <Token Type Annotator>...
 11:14:58.078 [main] TRACE com.ctapweb.feature.annotator.TokenTypeAnnotator - Destroying AE completed: ANNOTATOR <Token Type Annotator>.
 11:14:58.078 [main] TRACE com.ctapweb.feature.featureAE.NTokenAE - Destorying AE: FEATURE_EXTRACTOR <NToken Feature Extractor>...
 11:14:58.078 [main] TRACE com.ctapweb.feature.featureAE.NTokenAE - Destroying AE completed: FEATURE_EXTRACTOR <NToken Feature Extractor>.
 11:14:58.078 [main] TRACE com.ctapweb.feature.featureAE.NTokenTypeAE - Destorying AE: FEATURE_EXTRACTOR <NTokenType Feature Extractor>...
 11:14:58.078 [main] TRACE com.ctapweb.feature.featureAE.NTokenTypeAE - Destroying AE completed: FEATURE_EXTRACTOR <NTokenType Feature Extractor>.
 11:14:58.078 [main] TRACE com.ctapweb.feature.featureAE.TypeTokenRatioAE - Destorying AE: FEATURE_EXTRACTOR <Type Token Ratio Feature Extractor>...
 11:14:58.078 [main] TRACE com.ctapweb.feature.featureAE.TypeTokenRatioAE - Destroying AE completed: FEATURE_EXTRACTOR <Type Token Ratio Feature Extractor>.
 Tests run: 5, Failures: 0, Errors: 0, Skipped: 0, Time elapsed: 6.137 sec - in com.ctapweb.feature.test.TTRFeatureTest
Running com.ctapweb.annotator.test.SyllableAnnotatorTest
11:14:58.116 [main] TRACE com.ctapweb.feature.annotator.SentenceAnnotator - Initializing ANNOTATOR <Sentence Annotator>...
 languageSpecificResourceKey: SentenceSegmenterModelIT
modelFilePath: /home/nadiushka/ctap/recent-ctap-docker/2/ctap/ctap-feature/target/classes/model/it-sent.bin
11:14:58.116 [main] TRACE com.ctapweb.feature.annotator.SentenceAnnotator - Loading language model SentenceSegmenterModelIT from path /home/nadiushka/ctap/recent-ctap-docker/2/ctap/ctap-feature/target/classes/model/it-sent.bin...
 11:14:58.118 [main] TRACE com.ctapweb.feature.annotator.SentenceAnnotator - Initialization completed ANNOTATOR <Sentence Annotator>.
 11:14:58.119 [main] TRACE com.ctapweb.feature.annotator.TokenAnnotator - Initializing ANNOTATOR <Token Annotator>...
 11:14:58.119 [main] TRACE com.ctapweb.feature.annotator.TokenAnnotator - Loading language model TokenModelIT from path /home/nadiushka/ctap/recent-ctap-docker/2/ctap/ctap-feature/target/classes/model/it-token.bin...
 11:14:58.715 [main] TRACE com.ctapweb.feature.annotator.TokenAnnotator - Initialization completed ANNOTATOR <Token Annotator>.
 11:14:58.716 [main] TRACE com.ctapweb.feature.annotator.SyllableAnnotator - Initializing ANNOTATOR <Syllable Annotator>...
 11:14:58.717 [main] TRACE com.ctapweb.feature.annotator.SyllableAnnotator - Selecting annotation resource for Syllable Annotator for language: IT...
 11:14:58.717 [main] TRACE com.ctapweb.feature.annotator.SyllableAnnotator - Initialization completed ANNOTATOR <Syllable Annotator>.
 11:14:58.726 [main] TRACE com.ctapweb.feature.annotator.SentenceAnnotator - Processing document with ANNOTATOR <Sentence Annotator>: LA DONNA che salvò cento cani prega. Le pompe dell...
 11:14:58.727 [main] TRACE com.ctapweb.feature.annotator.TokenAnnotator - Processing document with ANNOTATOR <Token Annotator>: LA DONNA che salvò cento cani prega. Le pompe dell...
 11:14:58.732 [main] TRACE com.ctapweb.feature.annotator.SyllableAnnotator - Processing document with ANNOTATOR <Syllable Annotator>: LA DONNA che salvò cento cani prega. Le pompe dell...
 11:14:58.765 [main] TRACE com.ctapweb.feature.annotator.SentenceAnnotator - Destorying AE: ANNOTATOR <Sentence Annotator>...
 11:14:58.765 [main] TRACE com.ctapweb.feature.annotator.SentenceAnnotator - Destroying AE completed: ANNOTATOR <Sentence Annotator>.
 11:14:58.765 [main] TRACE com.ctapweb.feature.annotator.TokenAnnotator - Destorying AE: ANNOTATOR <Token Annotator>...
 11:14:58.765 [main] TRACE com.ctapweb.feature.annotator.TokenAnnotator - Destroying AE completed: ANNOTATOR <Token Annotator>.
 11:14:58.765 [main] TRACE com.ctapweb.feature.annotator.SyllableAnnotator - Destorying AE: ANNOTATOR <Syllable Annotator>...
 11:14:58.765 [main] TRACE com.ctapweb.feature.annotator.SyllableAnnotator - Destroying AE completed: ANNOTATOR <Syllable Annotator>.
 11:14:58.801 [main] TRACE com.ctapweb.feature.annotator.SentenceAnnotator - Initializing ANNOTATOR <Sentence Annotator>...
 languageSpecificResourceKey: SentenceSegmenterModelIT
modelFilePath: /home/nadiushka/ctap/recent-ctap-docker/2/ctap/ctap-feature/target/classes/model/it-sent.bin
11:14:58.801 [main] TRACE com.ctapweb.feature.annotator.SentenceAnnotator - Loading language model SentenceSegmenterModelIT from path /home/nadiushka/ctap/recent-ctap-docker/2/ctap/ctap-feature/target/classes/model/it-sent.bin...
 11:14:58.803 [main] TRACE com.ctapweb.feature.annotator.SentenceAnnotator - Initialization completed ANNOTATOR <Sentence Annotator>.
 11:14:58.804 [main] TRACE com.ctapweb.feature.annotator.TokenAnnotator - Initializing ANNOTATOR <Token Annotator>...
 11:14:58.804 [main] TRACE com.ctapweb.feature.annotator.TokenAnnotator - Loading language model TokenModelIT from path /home/nadiushka/ctap/recent-ctap-docker/2/ctap/ctap-feature/target/classes/model/it-token.bin...
 11:14:59.563 [main] TRACE com.ctapweb.feature.annotator.TokenAnnotator - Initialization completed ANNOTATOR <Token Annotator>.
 11:14:59.564 [main] TRACE com.ctapweb.feature.annotator.SyllableAnnotator - Initializing ANNOTATOR <Syllable Annotator>...
 11:14:59.564 [main] TRACE com.ctapweb.feature.annotator.SyllableAnnotator - Selecting annotation resource for Syllable Annotator for language: IT...
 11:14:59.564 [main] TRACE com.ctapweb.feature.annotator.SyllableAnnotator - Initialization completed ANNOTATOR <Syllable Annotator>.
 11:14:59.569 [main] TRACE com.ctapweb.feature.annotator.SentenceAnnotator - Processing document with ANNOTATOR <Sentence Annotator>: LA DONNA che salvò cento cani prega. Le pompe dell...
 11:14:59.570 [main] TRACE com.ctapweb.feature.annotator.TokenAnnotator - Processing document with ANNOTATOR <Token Annotator>: LA DONNA che salvò cento cani prega. Le pompe dell...
 11:14:59.573 [main] TRACE com.ctapweb.feature.annotator.SyllableAnnotator - Processing document with ANNOTATOR <Syllable Annotator>: LA DONNA che salvò cento cani prega. Le pompe dell...
 11:14:59.595 [main] TRACE com.ctapweb.feature.annotator.SentenceAnnotator - Destorying AE: ANNOTATOR <Sentence Annotator>...
 11:14:59.595 [main] TRACE com.ctapweb.feature.annotator.SentenceAnnotator - Destroying AE completed: ANNOTATOR <Sentence Annotator>.
 11:14:59.595 [main] TRACE com.ctapweb.feature.annotator.TokenAnnotator - Destorying AE: ANNOTATOR <Token Annotator>...
 11:14:59.595 [main] TRACE com.ctapweb.feature.annotator.TokenAnnotator - Destroying AE completed: ANNOTATOR <Token Annotator>.
 11:14:59.595 [main] TRACE com.ctapweb.feature.annotator.SyllableAnnotator - Destorying AE: ANNOTATOR <Syllable Annotator>...
 11:14:59.595 [main] TRACE com.ctapweb.feature.annotator.SyllableAnnotator - Destroying AE completed: ANNOTATOR <Syllable Annotator>.
 Tests run: 2, Failures: 0, Errors: 0, Skipped: 0, Time elapsed: 1.518 sec - in com.ctapweb.annotator.test.SyllableAnnotatorTest
Running com.ctapweb.annotator.test.LemmaAnnotatorTest
11:14:59.626 [main] TRACE com.ctapweb.feature.annotator.SentenceAnnotator - Initializing ANNOTATOR <Sentence Annotator>...
 languageSpecificResourceKey: SentenceSegmenterModelIT
modelFilePath: /home/nadiushka/ctap/recent-ctap-docker/2/ctap/ctap-feature/target/classes/model/it-sent.bin
11:14:59.626 [main] TRACE com.ctapweb.feature.annotator.SentenceAnnotator - Loading language model SentenceSegmenterModelIT from path /home/nadiushka/ctap/recent-ctap-docker/2/ctap/ctap-feature/target/classes/model/it-sent.bin...
 11:14:59.627 [main] TRACE com.ctapweb.feature.annotator.SentenceAnnotator - Initialization completed ANNOTATOR <Sentence Annotator>.
 11:14:59.628 [main] TRACE com.ctapweb.feature.annotator.TokenAnnotator - Initializing ANNOTATOR <Token Annotator>...
 11:14:59.628 [main] TRACE com.ctapweb.feature.annotator.TokenAnnotator - Loading language model TokenModelIT from path /home/nadiushka/ctap/recent-ctap-docker/2/ctap/ctap-feature/target/classes/model/it-token.bin...
 11:15:00.425 [main] TRACE com.ctapweb.feature.annotator.TokenAnnotator - Initialization completed ANNOTATOR <Token Annotator>.
 11:15:00.428 [main] TRACE com.ctapweb.feature.annotator.LemmaAnnotator - Initializing ANNOTATOR <Lemma Annotator>...
 11:15:00.439 [main] TRACE com.ctapweb.feature.annotator.LemmaAnnotator - Loading language model it from path treetaggerPath line 98: /home/nadiushka/ctap/recent-ctap-docker/2/ctap/ctap-feature/target/classes/treetagger...
 11:15:00.444 [main] TRACE com.ctapweb.feature.annotator.LemmaAnnotator - Initialization completed ANNOTATOR <Lemma Annotator>.
 11:15:00.450 [main] TRACE com.ctapweb.feature.annotator.SentenceAnnotator - Processing document with ANNOTATOR <Sentence Annotator>: LA DONNA che salvò cento cani prega. Le pompe dell...
 11:15:00.450 [main] TRACE com.ctapweb.feature.annotator.TokenAnnotator - Processing document with ANNOTATOR <Token Annotator>: LA DONNA che salvò cento cani prega. Le pompe dell...
 11:15:00.455 [main] TRACE com.ctapweb.feature.annotator.LemmaAnnotator - Processing document with ANNOTATOR <Lemma Annotator>: LA DONNA che salvò cento cani prega. Le pompe dell...
 tok line 189: LA
tok line 189: DONNA
tok line 189: che
tok line 189: salvò
tok line 189: cento
tok line 189: cani
tok line 189: prega
tok line 189: .
tok line 189: Le
tok line 189: pompe
tok line 189: dell'
tok line 189: acqua
tok line 189: del
tok line 189: suo
tok line 189: appartamento
tok line 189: non
tok line 189: funzionano
tok line 189: più
tok line 189: ,
tok line 189: i
tok line 189: motori
tok line 189: elettrici
tok line 189: sono
tok line 189: bruciati
tok line 189: ,
tok line 189: l'
tok line 189: elettricità
tok line 189: è
tok line 189: ko
tok line 189: ,
tok line 189: i
tok line 189: cartoni
tok line 189: galleggiano
tok line 189: nel
tok line 189: suo
tok line 189: appartamento
tok line 189: mentre
tok line 189: lei
tok line 189: e
tok line 189: il
tok line 189: fratello
tok line 189: cercano
tok line 189: di
tok line 189: aiutare
tok line 189: gli
tok line 189: animali
tok line 189: malati
tok line 189: :
tok line 189: l'
tok line 189: uragano
tok line 189: Dorian
tok line 189: ,
tok line 189: che
tok line 189: ha
tok line 189: colpito
tok line 189: duramente
tok line 189: le
tok line 189: Bahamas
tok line 189: facendo
tok line 189: almeno
tok line 189: cinque
tok line 189: vittime
tok line 189: e
tok line 189: costringendo
tok line 189: alla
tok line 189: fuga
tok line 189: milioni
tok line 189: di
tok line 189: persone
tok line 189: ,
tok line 189: finalmente
tok line 189: si
tok line 189: sta
tok line 189: pian
tok line 189: piano
tok line 189: spostando
tok line 189: ma
tok line 189: ha
tok line 189: lasciato
tok line 189: per
tok line 189: strada
tok line 189: una
tok line 189: scia
tok line 189: di
tok line 189: devastazioni
tok line 189: .
11:15:01.313 [main] TRACE com.ctapweb.feature.annotator.SentenceAnnotator - Destorying AE: ANNOTATOR <Sentence Annotator>...
 11:15:01.313 [main] TRACE com.ctapweb.feature.annotator.SentenceAnnotator - Destroying AE completed: ANNOTATOR <Sentence Annotator>.
 11:15:01.313 [main] TRACE com.ctapweb.feature.annotator.TokenAnnotator - Destorying AE: ANNOTATOR <Token Annotator>...
 11:15:01.314 [main] TRACE com.ctapweb.feature.annotator.TokenAnnotator - Destroying AE completed: ANNOTATOR <Token Annotator>.
 11:15:01.314 [main] TRACE com.ctapweb.feature.annotator.LemmaAnnotator - Destorying AE: ANNOTATOR <Lemma Annotator>...
 11:15:01.314 [main] TRACE com.ctapweb.feature.annotator.LemmaAnnotator - Destroying AE completed: ANNOTATOR <Lemma Annotator>.
 11:15:01.392 [main] TRACE com.ctapweb.feature.annotator.SentenceAnnotator - Initializing ANNOTATOR <Sentence Annotator>...
 languageSpecificResourceKey: SentenceSegmenterModelIT
modelFilePath: /home/nadiushka/ctap/recent-ctap-docker/2/ctap/ctap-feature/target/classes/model/it-sent.bin
11:15:01.392 [main] TRACE com.ctapweb.feature.annotator.SentenceAnnotator - Loading language model SentenceSegmenterModelIT from path /home/nadiushka/ctap/recent-ctap-docker/2/ctap/ctap-feature/target/classes/model/it-sent.bin...
 11:15:01.394 [main] TRACE com.ctapweb.feature.annotator.SentenceAnnotator - Initialization completed ANNOTATOR <Sentence Annotator>.
 11:15:01.395 [main] TRACE com.ctapweb.feature.annotator.TokenAnnotator - Initializing ANNOTATOR <Token Annotator>...
 11:15:01.395 [main] TRACE com.ctapweb.feature.annotator.TokenAnnotator - Loading language model TokenModelIT from path /home/nadiushka/ctap/recent-ctap-docker/2/ctap/ctap-feature/target/classes/model/it-token.bin...
 11:15:02.229 [main] TRACE com.ctapweb.feature.annotator.TokenAnnotator - Initialization completed ANNOTATOR <Token Annotator>.
 11:15:02.230 [main] TRACE com.ctapweb.feature.annotator.LemmaAnnotator - Initializing ANNOTATOR <Lemma Annotator>...
 11:15:02.231 [main] TRACE com.ctapweb.feature.annotator.LemmaAnnotator - Loading language model it from path treetaggerPath line 98: /home/nadiushka/ctap/recent-ctap-docker/2/ctap/ctap-feature/target/classes/treetagger...
 11:15:02.232 [main] TRACE com.ctapweb.feature.annotator.LemmaAnnotator - Initialization completed ANNOTATOR <Lemma Annotator>.
 11:15:02.239 [main] TRACE com.ctapweb.feature.annotator.SentenceAnnotator - Processing document with ANNOTATOR <Sentence Annotator>: LA DONNA che salvò cento cani prega. Le pompe dell...
 11:15:02.239 [main] TRACE com.ctapweb.feature.annotator.TokenAnnotator - Processing document with ANNOTATOR <Token Annotator>: LA DONNA che salvò cento cani prega. Le pompe dell...
 11:15:02.243 [main] TRACE com.ctapweb.feature.annotator.LemmaAnnotator - Processing document with ANNOTATOR <Lemma Annotator>: LA DONNA che salvò cento cani prega. Le pompe dell...
 tok line 189: LA
tok line 189: DONNA
tok line 189: che
tok line 189: salvò
tok line 189: cento
tok line 189: cani
tok line 189: prega
tok line 189: .
tok line 189: Le
tok line 189: pompe
tok line 189: dell'
tok line 189: acqua
tok line 189: del
tok line 189: suo
tok line 189: appartamento
tok line 189: non
tok line 189: funzionano
tok line 189: più
tok line 189: ,
tok line 189: i
tok line 189: motori
tok line 189: elettrici
tok line 189: sono
tok line 189: bruciati
tok line 189: ,
tok line 189: l'
tok line 189: elettricità
tok line 189: è
tok line 189: ko
tok line 189: ,
tok line 189: i
tok line 189: cartoni
tok line 189: galleggiano
tok line 189: nel
tok line 189: suo
tok line 189: appartamento
tok line 189: mentre
tok line 189: lei
tok line 189: e
tok line 189: il
tok line 189: fratello
tok line 189: cercano
tok line 189: di
tok line 189: aiutare
tok line 189: gli
tok line 189: animali
tok line 189: malati
tok line 189: :
tok line 189: l'
tok line 189: uragano
tok line 189: Dorian
tok line 189: ,
tok line 189: che
tok line 189: ha
tok line 189: colpito
tok line 189: duramente
tok line 189: le
tok line 189: Bahamas
tok line 189: facendo
tok line 189: almeno
tok line 189: cinque
tok line 189: vittime
tok line 189: e
tok line 189: costringendo
tok line 189: alla
tok line 189: fuga
tok line 189: milioni
tok line 189: di
tok line 189: persone
tok line 189: ,
tok line 189: finalmente
tok line 189: si
tok line 189: sta
tok line 189: pian
tok line 189: piano
tok line 189: spostando
tok line 189: ma
tok line 189: ha
tok line 189: lasciato
tok line 189: per
tok line 189: strada
tok line 189: una
tok line 189: scia
tok line 189: di
tok line 189: devastazioni
tok line 189: .
11:15:02.903 [main] TRACE com.ctapweb.feature.annotator.SentenceAnnotator - Destorying AE: ANNOTATOR <Sentence Annotator>...
 11:15:02.903 [main] TRACE com.ctapweb.feature.annotator.SentenceAnnotator - Destroying AE completed: ANNOTATOR <Sentence Annotator>.
 11:15:02.903 [main] TRACE com.ctapweb.feature.annotator.TokenAnnotator - Destorying AE: ANNOTATOR <Token Annotator>...
 11:15:02.903 [main] TRACE com.ctapweb.feature.annotator.TokenAnnotator - Destroying AE completed: ANNOTATOR <Token Annotator>.
 11:15:02.903 [main] TRACE com.ctapweb.feature.annotator.LemmaAnnotator - Destorying AE: ANNOTATOR <Lemma Annotator>...
 11:15:02.903 [main] TRACE com.ctapweb.feature.annotator.LemmaAnnotator - Destroying AE completed: ANNOTATOR <Lemma Annotator>.
 11:15:02.944 [main] TRACE com.ctapweb.feature.annotator.SentenceAnnotator - Initializing ANNOTATOR <Sentence Annotator>...
 languageSpecificResourceKey: SentenceSegmenterModelIT
modelFilePath: /home/nadiushka/ctap/recent-ctap-docker/2/ctap/ctap-feature/target/classes/model/it-sent.bin
11:15:02.945 [main] TRACE com.ctapweb.feature.annotator.SentenceAnnotator - Loading language model SentenceSegmenterModelIT from path /home/nadiushka/ctap/recent-ctap-docker/2/ctap/ctap-feature/target/classes/model/it-sent.bin...
 11:15:02.946 [main] TRACE com.ctapweb.feature.annotator.SentenceAnnotator - Initialization completed ANNOTATOR <Sentence Annotator>.
 11:15:02.947 [main] TRACE com.ctapweb.feature.annotator.TokenAnnotator - Initializing ANNOTATOR <Token Annotator>...
 11:15:02.947 [main] TRACE com.ctapweb.feature.annotator.TokenAnnotator - Loading language model TokenModelIT from path /home/nadiushka/ctap/recent-ctap-docker/2/ctap/ctap-feature/target/classes/model/it-token.bin...
 11:15:03.747 [main] TRACE com.ctapweb.feature.annotator.TokenAnnotator - Initialization completed ANNOTATOR <Token Annotator>.
 11:15:03.748 [main] TRACE com.ctapweb.feature.annotator.LemmaAnnotator - Initializing ANNOTATOR <Lemma Annotator>...
 11:15:03.749 [main] TRACE com.ctapweb.feature.annotator.LemmaAnnotator - Loading language model it from path treetaggerPath line 98: /home/nadiushka/ctap/recent-ctap-docker/2/ctap/ctap-feature/target/classes/treetagger...
 11:15:03.749 [main] TRACE com.ctapweb.feature.annotator.LemmaAnnotator - Initialization completed ANNOTATOR <Lemma Annotator>.
 11:15:03.754 [main] TRACE com.ctapweb.feature.annotator.SentenceAnnotator - Processing document with ANNOTATOR <Sentence Annotator>: LA DONNA che salvò cento cani prega. Le pompe dell...
 11:15:03.754 [main] TRACE com.ctapweb.feature.annotator.TokenAnnotator - Processing document with ANNOTATOR <Token Annotator>: LA DONNA che salvò cento cani prega. Le pompe dell...
 11:15:03.757 [main] TRACE com.ctapweb.feature.annotator.LemmaAnnotator - Processing document with ANNOTATOR <Lemma Annotator>: LA DONNA che salvò cento cani prega. Le pompe dell...
 tok line 189: LA
tok line 189: DONNA
tok line 189: che
tok line 189: salvò
tok line 189: cento
tok line 189: cani
tok line 189: prega
tok line 189: .
tok line 189: Le
tok line 189: pompe
tok line 189: dell'
tok line 189: acqua
tok line 189: del
tok line 189: suo
tok line 189: appartamento
tok line 189: non
tok line 189: funzionano
tok line 189: più
tok line 189: ,
tok line 189: i
tok line 189: motori
tok line 189: elettrici
tok line 189: sono
tok line 189: bruciati
tok line 189: ,
tok line 189: l'
tok line 189: elettricità
tok line 189: è
tok line 189: ko
tok line 189: ,
tok line 189: i
tok line 189: cartoni
tok line 189: galleggiano
tok line 189: nel
tok line 189: suo
tok line 189: appartamento
tok line 189: mentre
tok line 189: lei
tok line 189: e
tok line 189: il
tok line 189: fratello
tok line 189: cercano
tok line 189: di
tok line 189: aiutare
tok line 189: gli
tok line 189: animali
tok line 189: malati
tok line 189: :
tok line 189: l'
tok line 189: uragano
tok line 189: Dorian
tok line 189: ,
tok line 189: che
tok line 189: ha
tok line 189: colpito
tok line 189: duramente
tok line 189: le
tok line 189: Bahamas
tok line 189: facendo
tok line 189: almeno
tok line 189: cinque
tok line 189: vittime
tok line 189: e
tok line 189: costringendo
tok line 189: alla
tok line 189: fuga
tok line 189: milioni
tok line 189: di
tok line 189: persone
tok line 189: ,
tok line 189: finalmente
tok line 189: si
tok line 189: sta
tok line 189: pian
tok line 189: piano
tok line 189: spostando
tok line 189: ma
tok line 189: ha
tok line 189: lasciato
tok line 189: per
tok line 189: strada
tok line 189: una
tok line 189: scia
tok line 189: di
tok line 189: devastazioni
tok line 189: .
11:15:04.444 [main] TRACE com.ctapweb.feature.annotator.SentenceAnnotator - Destorying AE: ANNOTATOR <Sentence Annotator>...
 11:15:04.444 [main] TRACE com.ctapweb.feature.annotator.SentenceAnnotator - Destroying AE completed: ANNOTATOR <Sentence Annotator>.
 11:15:04.444 [main] TRACE com.ctapweb.feature.annotator.TokenAnnotator - Destorying AE: ANNOTATOR <Token Annotator>...
 11:15:04.444 [main] TRACE com.ctapweb.feature.annotator.TokenAnnotator - Destroying AE completed: ANNOTATOR <Token Annotator>.
 11:15:04.444 [main] TRACE com.ctapweb.feature.annotator.LemmaAnnotator - Destorying AE: ANNOTATOR <Lemma Annotator>...
 11:15:04.444 [main] TRACE com.ctapweb.feature.annotator.LemmaAnnotator - Destroying AE completed: ANNOTATOR <Lemma Annotator>.
 Tests run: 3, Failures: 0, Errors: 3, Skipped: 0, Time elapsed: 4.846 sec <<< FAILURE! - in com.ctapweb.annotator.test.LemmaAnnotatorTest
annotateLemmasItalianSixthLemmaTest(com.ctapweb.annotator.test.LemmaAnnotatorTest)  Time elapsed: 1.724 sec  <<< ERROR!
org.apache.uima.analysis_engine.AnalysisEngineProcessException: Annotator processing failed.    
	at org.annolab.tt4j.TreeTaggerWrapper.removeProblematicTokens(TreeTaggerWrapper.java:676)
	at org.annolab.tt4j.TreeTaggerWrapper.process(TreeTaggerWrapper.java:549)
	at com.ctapweb.feature.annotator.LemmaAnnotator$TreeTaggerLemmatizer.lemmatize(LemmaAnnotator.java:373)
	at com.ctapweb.feature.annotator.LemmaAnnotator.process(LemmaAnnotator.java:193)
	at org.apache.uima.analysis_component.JCasAnnotator_ImplBase.process(JCasAnnotator_ImplBase.java:48)
	at org.apache.uima.analysis_engine.impl.PrimitiveAnalysisEngine_impl.callAnalysisComponentProcess(PrimitiveAnalysisEngine_impl.java:396)
	at org.apache.uima.analysis_engine.impl.PrimitiveAnalysisEngine_impl.processAndOutputNewCASes(PrimitiveAnalysisEngine_impl.java:314)
	at org.apache.uima.analysis_engine.asb.impl.ASB_impl$AggregateCasIterator.processUntilNextOutputCas(ASB_impl.java:570)
	at org.apache.uima.analysis_engine.asb.impl.ASB_impl$AggregateCasIterator.<init>(ASB_impl.java:412)
	at org.apache.uima.analysis_engine.asb.impl.ASB_impl.process(ASB_impl.java:344)
	at org.apache.uima.analysis_engine.impl.AggregateAnalysisEngine_impl.processAndOutputNewCASes(AggregateAnalysisEngine_impl.java:265)
	at org.apache.uima.analysis_engine.impl.AnalysisEngineImplBase.process(AnalysisEngineImplBase.java:269)
	at org.apache.uima.fit.pipeline.SimplePipeline.runPipeline(SimplePipeline.java:318)
	at org.apache.uima.fit.pipeline.SimplePipeline.runPipeline(SimplePipeline.java:348)
	at com.ctapweb.annotator.test.LemmaAnnotatorTest.setUp(LemmaAnnotatorTest.java:70)

annotateLemmasItalianFourthLemmaTest(com.ctapweb.annotator.test.LemmaAnnotatorTest)  Time elapsed: 1.584 sec  <<< ERROR!
org.apache.uima.analysis_engine.AnalysisEngineProcessException: Annotator processing failed.    
	at org.annolab.tt4j.TreeTaggerWrapper.removeProblematicTokens(TreeTaggerWrapper.java:676)
	at org.annolab.tt4j.TreeTaggerWrapper.process(TreeTaggerWrapper.java:549)
	at com.ctapweb.feature.annotator.LemmaAnnotator$TreeTaggerLemmatizer.lemmatize(LemmaAnnotator.java:373)
	at com.ctapweb.feature.annotator.LemmaAnnotator.process(LemmaAnnotator.java:193)
	at org.apache.uima.analysis_component.JCasAnnotator_ImplBase.process(JCasAnnotator_ImplBase.java:48)
	at org.apache.uima.analysis_engine.impl.PrimitiveAnalysisEngine_impl.callAnalysisComponentProcess(PrimitiveAnalysisEngine_impl.java:396)
	at org.apache.uima.analysis_engine.impl.PrimitiveAnalysisEngine_impl.processAndOutputNewCASes(PrimitiveAnalysisEngine_impl.java:314)
	at org.apache.uima.analysis_engine.asb.impl.ASB_impl$AggregateCasIterator.processUntilNextOutputCas(ASB_impl.java:570)
	at org.apache.uima.analysis_engine.asb.impl.ASB_impl$AggregateCasIterator.<init>(ASB_impl.java:412)
	at org.apache.uima.analysis_engine.asb.impl.ASB_impl.process(ASB_impl.java:344)
	at org.apache.uima.analysis_engine.impl.AggregateAnalysisEngine_impl.processAndOutputNewCASes(AggregateAnalysisEngine_impl.java:265)
	at org.apache.uima.analysis_engine.impl.AnalysisEngineImplBase.process(AnalysisEngineImplBase.java:269)
	at org.apache.uima.fit.pipeline.SimplePipeline.runPipeline(SimplePipeline.java:318)
	at org.apache.uima.fit.pipeline.SimplePipeline.runPipeline(SimplePipeline.java:348)
	at com.ctapweb.annotator.test.LemmaAnnotatorTest.setUp(LemmaAnnotatorTest.java:70)

annotateLemmasItalianNumberLemmasTest(com.ctapweb.annotator.test.LemmaAnnotatorTest)  Time elapsed: 1.537 sec  <<< ERROR!
org.apache.uima.analysis_engine.AnalysisEngineProcessException: Annotator processing failed.    
	at org.annolab.tt4j.TreeTaggerWrapper.removeProblematicTokens(TreeTaggerWrapper.java:676)
	at org.annolab.tt4j.TreeTaggerWrapper.process(TreeTaggerWrapper.java:549)
	at com.ctapweb.feature.annotator.LemmaAnnotator$TreeTaggerLemmatizer.lemmatize(LemmaAnnotator.java:373)
	at com.ctapweb.feature.annotator.LemmaAnnotator.process(LemmaAnnotator.java:193)
	at org.apache.uima.analysis_component.JCasAnnotator_ImplBase.process(JCasAnnotator_ImplBase.java:48)
	at org.apache.uima.analysis_engine.impl.PrimitiveAnalysisEngine_impl.callAnalysisComponentProcess(PrimitiveAnalysisEngine_impl.java:396)
	at org.apache.uima.analysis_engine.impl.PrimitiveAnalysisEngine_impl.processAndOutputNewCASes(PrimitiveAnalysisEngine_impl.java:314)
	at org.apache.uima.analysis_engine.asb.impl.ASB_impl$AggregateCasIterator.processUntilNextOutputCas(ASB_impl.java:570)
	at org.apache.uima.analysis_engine.asb.impl.ASB_impl$AggregateCasIterator.<init>(ASB_impl.java:412)
	at org.apache.uima.analysis_engine.asb.impl.ASB_impl.process(ASB_impl.java:344)
	at org.apache.uima.analysis_engine.impl.AggregateAnalysisEngine_impl.processAndOutputNewCASes(AggregateAnalysisEngine_impl.java:265)
	at org.apache.uima.analysis_engine.impl.AnalysisEngineImplBase.process(AnalysisEngineImplBase.java:269)
	at org.apache.uima.fit.pipeline.SimplePipeline.runPipeline(SimplePipeline.java:318)
	at org.apache.uima.fit.pipeline.SimplePipeline.runPipeline(SimplePipeline.java:348)
	at com.ctapweb.annotator.test.LemmaAnnotatorTest.setUp(LemmaAnnotatorTest.java:70)

Running com.ctapweb.annotator.test.SentenceAnnotatorTest
null
11:15:04.486 [main] TRACE com.ctapweb.feature.annotator.SentenceAnnotator - Initializing ANNOTATOR <Sentence Annotator>...
 languageSpecificResourceKey: SentenceSegmenterModelIT
modelFilePath: /home/nadiushka/ctap/recent-ctap-docker/2/ctap/ctap-feature/target/classes/model/it-sent.bin
11:15:04.486 [main] TRACE com.ctapweb.feature.annotator.SentenceAnnotator - Loading language model SentenceSegmenterModelIT from path /home/nadiushka/ctap/recent-ctap-docker/2/ctap/ctap-feature/target/classes/model/it-sent.bin...
 11:15:04.487 [main] TRACE com.ctapweb.feature.annotator.SentenceAnnotator - Initialization completed ANNOTATOR <Sentence Annotator>.
 11:15:04.493 [main] TRACE com.ctapweb.feature.annotator.SentenceAnnotator - Processing document with ANNOTATOR <Sentence Annotator>: LA DONNA che salvò cento cani prega. Le pompe dell...
 11:15:04.494 [main] TRACE com.ctapweb.feature.annotator.SentenceAnnotator - Destorying AE: ANNOTATOR <Sentence Annotator>...
 11:15:04.494 [main] TRACE com.ctapweb.feature.annotator.SentenceAnnotator - Destroying AE completed: ANNOTATOR <Sentence Annotator>.
 Tests run: 1, Failures: 0, Errors: 0, Skipped: 0, Time elapsed: 0.001 sec - in com.ctapweb.annotator.test.SentenceAnnotatorTest
Running com.ctapweb.annotator.test.POSAnnotatorTest
11:15:04.565 [main] TRACE com.ctapweb.feature.annotator.SentenceAnnotator - Initializing ANNOTATOR <Sentence Annotator>...
 languageSpecificResourceKey: SentenceSegmenterModelIT
modelFilePath: /home/nadiushka/ctap/recent-ctap-docker/2/ctap/ctap-feature/target/classes/model/it-sent.bin
11:15:04.565 [main] TRACE com.ctapweb.feature.annotator.SentenceAnnotator - Loading language model SentenceSegmenterModelIT from path /home/nadiushka/ctap/recent-ctap-docker/2/ctap/ctap-feature/target/classes/model/it-sent.bin...
 11:15:04.566 [main] TRACE com.ctapweb.feature.annotator.SentenceAnnotator - Initialization completed ANNOTATOR <Sentence Annotator>.
 11:15:04.567 [main] TRACE com.ctapweb.feature.annotator.TokenAnnotator - Initializing ANNOTATOR <Token Annotator>...
 11:15:04.567 [main] TRACE com.ctapweb.feature.annotator.TokenAnnotator - Loading language model TokenModelIT from path /home/nadiushka/ctap/recent-ctap-docker/2/ctap/ctap-feature/target/classes/model/it-token.bin...
 11:15:05.220 [main] TRACE com.ctapweb.feature.annotator.TokenAnnotator - Initialization completed ANNOTATOR <Token Annotator>.
 11:15:05.222 [main] TRACE com.ctapweb.feature.annotator.POSAnnotator - Initializing ANNOTATOR <POS Annotator>...
 11:15:05.222 [main] TRACE com.ctapweb.feature.annotator.POSAnnotator - Loading language model POSModelIT from path /home/nadiushka/ctap/recent-ctap-docker/2/ctap/ctap-feature/target/classes/model/it-pos-maxent.bin...
 11:15:06.296 [main] TRACE com.ctapweb.feature.annotator.POSAnnotator - Initialization completed ANNOTATOR <POS Annotator>.
 11:15:06.299 [main] TRACE com.ctapweb.feature.annotator.SentenceAnnotator - Processing document with ANNOTATOR <Sentence Annotator>: LA DONNA che salvò cento cani prega. Le pompe dell...
 11:15:06.300 [main] TRACE com.ctapweb.feature.annotator.TokenAnnotator - Processing document with ANNOTATOR <Token Annotator>: LA DONNA che salvò cento cani prega. Le pompe dell...
 11:15:06.302 [main] TRACE com.ctapweb.feature.annotator.POSAnnotator - Processing document with ANNOTATOR <POS Annotator>: LA DONNA che salvò cento cani prega. Le pompe dell...
 11:15:06.339 [main] TRACE com.ctapweb.feature.annotator.SentenceAnnotator - Destorying AE: ANNOTATOR <Sentence Annotator>...
 11:15:06.339 [main] TRACE com.ctapweb.feature.annotator.SentenceAnnotator - Destroying AE completed: ANNOTATOR <Sentence Annotator>.
 11:15:06.339 [main] TRACE com.ctapweb.feature.annotator.TokenAnnotator - Destorying AE: ANNOTATOR <Token Annotator>...
 11:15:06.339 [main] TRACE com.ctapweb.feature.annotator.TokenAnnotator - Destroying AE completed: ANNOTATOR <Token Annotator>.
 11:15:06.339 [main] TRACE com.ctapweb.feature.annotator.POSAnnotator - Destorying AE: ANNOTATOR <POS Annotator>...
 11:15:06.339 [main] TRACE com.ctapweb.feature.annotator.POSAnnotator - Destroying AE completed: ANNOTATOR <POS Annotator>.
 Tests run: 1, Failures: 0, Errors: 0, Skipped: 0, Time elapsed: 1.807 sec - in com.ctapweb.annotator.test.POSAnnotatorTest

Results :

Tests in error: 
  LemmaAnnotatorTest.setUp:70 » AnalysisEngineProcess Annotator processing faile...
  LemmaAnnotatorTest.setUp:70 » AnalysisEngineProcess Annotator processing faile...
  LemmaAnnotatorTest.setUp:70 » AnalysisEngineProcess Annotator processing faile...

Tests run: 14, Failures: 0, Errors: 3, Skipped: 0

[INFO] ------------------------------------------------------------------------
[INFO] BUILD FAILURE
[INFO] ------------------------------------------------------------------------
[INFO] Total time: 25.583 s
[INFO] Finished at: 2019-11-20T11:15:06+01:00
[INFO] Final Memory: 36M/352M
[INFO] ------------------------------------------------------------------------
[ERROR] Failed to execute goal org.apache.maven.plugins:maven-surefire-plugin:2.17:test (default-test) on project ctap-feature: There are test failures.
[ERROR] 
[ERROR] Please refer to /home/nadiushka/ctap/recent-ctap-docker/2/ctap/ctap-feature/target/surefire-reports for the individual test results.
[ERROR] -> [Help 1]
[ERROR] 
[ERROR] To see the full stack trace of the errors, re-run Maven with the -e switch.
[ERROR] Re-run Maven using the -X switch to enable full debug logging.
[ERROR] 
[ERROR] For more information about the errors and possible solutions, please read the following articles:
[ERROR] [Help 1] http://cwiki.apache.org/confluence/display/MAVEN/MojoFailureException
